[1027/194152:ERROR:process_info.cc(608)] range at 0x9472441e00000000, size 0x27a fully unreadable
[1027/194152:ERROR:process_info.cc(608)] range at 0x9472448400000000, size 0x27a fully unreadable
[1027/194152:ERROR:process_info.cc(608)] range at 0x0, size 0x27a fully unreadable
[1027/194152:WARNING:in_range_cast.h(38)] value 2725499769858 out of range
[1027/194152:WARNING:in_range_cast.h(38)] value 2725499769392 out of range
[1027/194152:WARNING:in_range_cast.h(38)] value 2725499771604 out of range
[1027/194152:WARNING:in_range_cast.h(38)] value 2725499768334 out of range
[1027/194152:WARNING:in_range_cast.h(38)] value 2725499768592 out of range
[1027/194152:ERROR:process_reader_win.cc(233)] ReadMemory at 0xf5679b0000 of 65536 bytes failed: Only part of a ReadProcessMemory or WriteProcessMemory request was completed. (0x12B)
[1027/194152:ERROR:crash_report_exception_handler.cc(98)] WriteEverything failed
[1027/194152:ERROR:scoped_process_suspend.cc(38)] NtResumeProcess: An attempt was made to access an exiting process.  (0xc000010a)
[1027/194810:ERROR:process_info.cc(608)] range at 0xd8d5443200000000, size 0x288 fully unreadable
[1027/194810:ERROR:process_info.cc(608)] range at 0xd8d5449800000000, size 0x288 fully unreadable
[1027/194810:ERROR:process_info.cc(608)] range at 0x0, size 0x288 fully unreadable
[1027/194810:WARNING:in_range_cast.h(38)] value 2786776650770 out of range
[1027/194810:WARNING:in_range_cast.h(38)] value 2786776650304 out of range
[1027/194810:WARNING:in_range_cast.h(38)] value 2786776652516 out of range
[1027/194810:WARNING:in_range_cast.h(38)] value 2786776649246 out of range
[1027/194810:WARNING:in_range_cast.h(38)] value 2786776649504 out of range
[1027/194810:ERROR:process_reader_win.cc(233)] ReadMemory at 0xce5bb80000 of 65536 bytes failed: Only part of a ReadProcessMemory or WriteProcessMemory request was completed. (0x12B)
[1027/194810:ERROR:crash_report_exception_handler.cc(98)] WriteEverything failed
[1027/194810:ERROR:scoped_process_suspend.cc(38)] NtResumeProcess: An attempt was made to access an exiting process.  (0xc000010a)
